<?xml version="1.0" encoding="UTF-8"?>
<!-- Generated by org.testng.reporters.JUnitXMLReporter -->
<testsuite hostname="DESKTOP-D7PUHMF" ignored="0" name="Ticket Fare Test" tests="1" failures="1" timestamp="29 Jul 2018 07:26:23 GMT" time="45.077" errors="0">
  <testcase name="verifyTicketFare" time="34.042" classname="com.qa.tests.TicketFareTest">
    <failure type="java.lang.AssertionError" message="Fares do not match expected [$206.44] but found [$118.22]">
      <![CDATA[java.lang.AssertionError: Fares do not match expected [$206.44] but found [$118.22]
at com.qa.tests.TicketFareTest.verifyTicketFare(TicketFareTest.java:53)
... Removed 30 stack frames]]>
    </failure>
  </testcase> <!-- verifyTicketFare -->
</testsuite> <!-- Ticket Fare Test -->
