<?xml version="1.0" encoding="UTF-8"?>
<!-- Generated by org.testng.reporters.JUnitXMLReporter -->
<testsuite hostname="DESKTOP-D7PUHMF" ignored="0" name="Ticket Fare Test" tests="2" failures="1" timestamp="24 Oct 2018 04:17:42 GMT" time="0.094" errors="0">
  <testcase name="@BeforeMethod setup" time="0.047" classname="com.qa.tests.DemoTest">
    <failure type="java.lang.IllegalStateException" message="The driver executable does not exist: C:\Users\deepa\Downloads\chromedriver.exe">
      <![CDATA[java.lang.IllegalStateException: The driver executable does not exist: C:\Users\deepa\Downloads\chromedriver.exeat com.google.common.base.Preconditions.checkState(Preconditions.java:585)at org.openqa.selenium.remote.service.DriverService.checkExecutable(DriverService.java:137)at org.openqa.selenium.remote.service.DriverService.findExecutable(DriverService.java:132)at org.openqa.selenium.chrome.ChromeDriverService.access$000(ChromeDriverService.java:35)at org.openqa.selenium.chrome.ChromeDriverService$Builder.findDefaultExecutable(ChromeDriverService.java:156)at org.openqa.selenium.remote.service.DriverService$Builder.build(DriverService.java:346)at org.openqa.selenium.chrome.ChromeDriverService.createDefaultService(ChromeDriverService.java:91)at org.openqa.selenium.chrome.ChromeDriver.<init>(ChromeDriver.java:123)at com.qa.base.Base.initialization(Base.java:41)at com.qa.tests.DemoTest.setup(DemoTest.java:17)... Removed 32 stack frames]]>
    </failure>
  </testcase> <!-- @BeforeMethod setup -->
  <testcase name="demoTest" time="0.0" classname="com.qa.tests.DemoTest">
    <skipped/>
  </testcase> <!-- demoTest -->
  <testcase name="demoTest" time="0.078" classname="com.qa.tests.DemoTest">
    <failure type="java.lang.NullPointerException">
      <![CDATA[java.lang.NullPointerExceptionat com.qa.report.ExtentTestNGITestListener.onTestSkipped(ExtentTestNGITestListener.java:52)... Removed 27 stack frames]]>
    </failure>
  </testcase> <!-- demoTest -->
</testsuite> <!-- Ticket Fare Test -->
